  access.c
C:\Users\neu_h\Desktop\操作系统课设\os-another\filesys.h(1,1): warning C4828: 文件包含在偏移 0x158a 处开始的字符，该字符在当前源字符集中无效(代码页 936)。
C:\Users\neu_h\Desktop\操作系统课设\os-another\access.c(34,1): warning C4102: “defualt”: 未引用的标签
  ballfre.c
C:\Users\neu_h\Desktop\操作系统课设\os-another\filesys.h(1,1): warning C4828: 文件包含在偏移 0x158a 处开始的字符，该字符在当前源字符集中无效(代码页 936)。
  close.c
C:\Users\neu_h\Desktop\操作系统课设\os-another\filesys.h(1,1): warning C4828: 文件包含在偏移 0x158a 处开始的字符，该字符在当前源字符集中无效(代码页 936)。
  creat.c
C:\Users\neu_h\Desktop\操作系统课设\os-another\filesys.h(1,1): warning C4828: 文件包含在偏移 0x158a 处开始的字符，该字符在当前源字符集中无效(代码页 936)。
C:\Users\neu_h\Desktop\操作系统课设\os-another\creat.c(13,18): warning C4047: “!=”:“unsigned int”与“void *”的间接级别不同
C:\Users\neu_h\Desktop\操作系统课设\os-another\creat.c(23,11): warning C4018: “<”: 有符号/无符号不匹配
C:\Users\neu_h\Desktop\操作系统课设\os-another\creat.c(43,27): warning C4244: “=”: 从“unsigned short”转换到“char”，可能丢失数据
C:\Users\neu_h\Desktop\操作系统课设\os-another\creat.c(74,23): warning C4244: “=”: 从“unsigned short”转换到“char”，可能丢失数据
  delete.c
C:\Users\neu_h\Desktop\操作系统课设\os-another\filesys.h(1,1): warning C4828: 文件包含在偏移 0x158a 处开始的字符，该字符在当前源字符集中无效(代码页 936)。
C:\Users\neu_h\Desktop\操作系统课设\os-another\delete.c(10,21): warning C4047: “!=”:“unsigned int”与“void *”的间接级别不同
  dir.c
C:\Users\neu_h\Desktop\操作系统课设\os-another\filesys.h(1,1): warning C4828: 文件包含在偏移 0x158a 处开始的字符，该字符在当前源字符集中无效(代码页 936)。
C:\Users\neu_h\Desktop\操作系统课设\os-another\dir.c(16,9): warning C4476: "printf": 格式说明符中的类型字段字符“D”未知
C:\Users\neu_h\Desktop\操作系统课设\os-another\dir.c(16,33): warning C4474: printf: 格式字符串中传递的参数太多
C:\Users\neu_h\Desktop\操作系统课设\os-another\dir.c(16,33): message : 占位符和其参数预计 0 可变参数，但提供的却是 1 参数
C:\Users\neu_h\Desktop\操作系统课设\os-another\dir.c(30,14): warning C4018: “<”: 有符号/无符号不匹配
C:\Users\neu_h\Desktop\操作系统课设\os-another\dir.c(53,16): warning C4047: “!=”:“int”与“void *”的间接级别不同
C:\Users\neu_h\Desktop\操作系统课设\os-another\dir.c(57,10): warning C4473: “printf”: 没有为格式字符串传递足够的参数
C:\Users\neu_h\Desktop\操作系统课设\os-another\dir.c(57,10): message : 占位符和其参数预计 1 可变参数，但提供的却是 0 参数
C:\Users\neu_h\Desktop\操作系统课设\os-another\dir.c(57,10): message : 缺失的可变参数 1 为格式字符串“%s”所需
C:\Users\neu_h\Desktop\操作系统课设\os-another\dir.c(62,2): warning C4033: “mkdir”必须返回值
C:\Users\neu_h\Desktop\操作系统课设\os-another\dir.c(85,1): warning C4033: “mkdir”必须返回值
C:\Users\neu_h\Desktop\操作系统课设\os-another\dir.c(95,18): warning C4047: “==”:“unsigned int”与“void *”的间接级别不同
C:\Users\neu_h\Desktop\操作系统课设\os-another\dir.c(98,2): warning C4033: “chdir”必须返回值
C:\Users\neu_h\Desktop\操作系统课设\os-another\dir.c(105,1): warning C4033: “chdir”必须返回值
C:\Users\neu_h\Desktop\操作系统课设\os-another\dir.c(118,12): warning C4018: “<”: 有符号/无符号不匹配
C:\Users\neu_h\Desktop\操作系统课设\os-another\dir.c(138,13): warning C4018: “<”: 有符号/无符号不匹配
C:\Users\neu_h\Desktop\操作系统课设\os-another\dir.c(145,2): warning C4033: “chdir”必须返回值
  FORMAT.C
C:\Users\neu_h\Desktop\操作系统课设\os-another\filesys.h(1,1): warning C4828: 文件包含在偏移 0x158a 处开始的字符，该字符在当前源字符集中无效(代码页 936)。
  halt.c
C:\Users\neu_h\Desktop\操作系统课设\os-another\filesys.h(1,1): warning C4828: 文件包含在偏移 0x158a 处开始的字符，该字符在当前源字符集中无效(代码页 936)。
C:\Users\neu_h\Desktop\操作系统课设\os-another\halt.c(35,2): warning C4013: “exit”未定义；假设外部返回 int
C:\Users\neu_h\Desktop\操作系统课设\os-another\halt.c(8,16): warning C4101: “inode”: 未引用的局部变量
  iallfre.c
C:\Users\neu_h\Desktop\操作系统课设\os-another\filesys.h(1,1): warning C4828: 文件包含在偏移 0x158a 处开始的字符，该字符在当前源字符集中无效(代码页 936)。
C:\Users\neu_h\Desktop\操作系统课设\os-another\iallfre.c(17,35): warning C4018: “<=”: 有符号/无符号不匹配
  igetput.c
C:\Users\neu_h\Desktop\操作系统课设\os-another\filesys.h(1,1): warning C4828: 文件包含在偏移 0x158a 处开始的字符，该字符在当前源字符集中无效(代码页 936)。
C:\Users\neu_h\Desktop\操作系统课设\os-another\igetput.c(32,31): warning C4013: “malloc”未定义；假设外部返回 int
C:\Users\neu_h\Desktop\操作系统课设\os-another\igetput.c(57,1): warning C4033: “iput”必须返回值
C:\Users\neu_h\Desktop\操作系统课设\os-another\igetput.c(72,11): warning C4018: “<”: 有符号/无符号不匹配
C:\Users\neu_h\Desktop\操作系统课设\os-another\igetput.c(87,2): warning C4013: “free”未定义；假设外部返回 int
  install.c
C:\Users\neu_h\Desktop\操作系统课设\os-another\filesys.h(1,1): warning C4828: 文件包含在偏移 0x158a 处开始的字符，该字符在当前源字符集中无效(代码页 936)。
C:\Users\neu_h\Desktop\操作系统课设\os-another\install.c(14,2): warning C4013: “exit”未定义；假设外部返回 int
  log.c
C:\Users\neu_h\Desktop\操作系统课设\os-another\filesys.h(1,1): warning C4828: 文件包含在偏移 0x158a 处开始的字符，该字符在当前源字符集中无效(代码页 936)。
C:\Users\neu_h\Desktop\操作系统课设\os-another\log.c(11,27): warning C4013: “strcmp”未定义；假设外部返回 int
C:\Users\neu_h\Desktop\操作系统课设\os-another\log.c(49,13): warning C4047: “return”:“int”与“void *”的间接级别不同
  main.c
C:\Users\neu_h\Desktop\操作系统课设\os-another\filesys.h(1,1): warning C4828: 文件包含在偏移 0x158a 处开始的字符，该字符在当前源字符集中无效(代码页 936)。
C:\Users\neu_h\Desktop\操作系统课设\os-another\main.c(54,7): warning C4013: “strcmp”未定义；假设外部返回 int
C:\Users\neu_h\Desktop\操作系统课设\os-another\main.c(36,27): warning C4101: “login_password”: 未引用的局部变量
C:\Users\neu_h\Desktop\操作系统课设\os-another\main.c(39,7): warning C4101: “cmd”: 未引用的局部变量
C:\Users\neu_h\Desktop\操作系统课设\os-another\main.c(36,7): warning C4101: “login_name”: 未引用的局部变量
  name.c
C:\Users\neu_h\Desktop\操作系统课设\os-another\filesys.h(1,1): warning C4828: 文件包含在偏移 0x158a 处开始的字符，该字符在当前源字符集中无效(代码页 936)。
C:\Users\neu_h\Desktop\操作系统课设\os-another\name.c(14,13): warning C4047: “return”:“unsigned int”与“void *”的间接级别不同
  open.c
C:\Users\neu_h\Desktop\操作系统课设\os-another\filesys.h(1,1): warning C4828: 文件包含在偏移 0x158a 处开始的字符，该字符在当前源字符集中无效(代码页 936)。
C:\Users\neu_h\Desktop\操作系统课设\os-another\open.c(13,21): warning C4047: “!=”:“unsigned int”与“void *”的间接级别不同
C:\Users\neu_h\Desktop\操作系统课设\os-another\open.c(16,12): warning C4047: “return”:“unsigned short”与“void *”的间接级别不同
C:\Users\neu_h\Desktop\操作系统课设\os-another\open.c(23,12): warning C4047: “return”:“unsigned short”与“void *”的间接级别不同
C:\Users\neu_h\Desktop\操作系统课设\os-another\open.c(32,12): warning C4047: “return”:“unsigned short”与“void *”的间接级别不同
C:\Users\neu_h\Desktop\操作系统课设\os-another\open.c(35,21): warning C4244: “=”: 从“unsigned short”转换到“char”，可能丢失数据
C:\Users\neu_h\Desktop\操作系统课设\os-another\open.c(49,12): warning C4047: “return”:“unsigned short”与“void *”的间接级别不同
C:\Users\neu_h\Desktop\操作系统课设\os-another\open.c(55,12): warning C4018: “<”: 有符号/无符号不匹配
  rdwt.c
C:\Users\neu_h\Desktop\操作系统课设\os-another\filesys.h(1,1): warning C4828: 文件包含在偏移 0x158a 处开始的字符，该字符在当前源字符集中无效(代码页 936)。
C:\Users\neu_h\Desktop\操作系统课设\os-another\rdwt.c(39,11): warning C4047: “函数”:“FILE *”与“int”的间接级别不同
C:\Users\neu_h\Desktop\操作系统课设\os-another\rdwt.c(39,9): warning C4024: “fseek”: 形参和实参 1 的类型不同
C:\Users\neu_h\Desktop\操作系统课设\os-another\rdwt.c(40,24): warning C4047: “函数”:“FILE *”与“int”的间接级别不同
C:\Users\neu_h\Desktop\操作系统课设\os-another\rdwt.c(40,22): warning C4024: “fread”: 形参和实参 4 的类型不同
C:\Users\neu_h\Desktop\操作系统课设\os-another\rdwt.c(43,10): warning C4047: “函数”:“FILE *”与“int”的间接级别不同
C:\Users\neu_h\Desktop\操作系统课设\os-another\rdwt.c(43,8): warning C4024: “fseek”: 形参和实参 1 的类型不同
C:\Users\neu_h\Desktop\操作系统课设\os-another\rdwt.c(44,40): warning C4047: “函数”:“FILE *”与“int”的间接级别不同
C:\Users\neu_h\Desktop\操作系统课设\os-another\rdwt.c(44,38): warning C4024: “fread”: 形参和实参 4 的类型不同
C:\Users\neu_h\Desktop\操作系统课设\os-another\rdwt.c(47,12): warning C4018: “<”: 有符号/无符号不匹配
C:\Users\neu_h\Desktop\操作系统课设\os-another\rdwt.c(49,12): warning C4047: “函数”:“FILE *”与“int”的间接级别不同
C:\Users\neu_h\Desktop\操作系统课设\os-another\rdwt.c(49,10): warning C4024: “fseek”: 形参和实参 1 的类型不同
C:\Users\neu_h\Desktop\操作系统课设\os-another\rdwt.c(50,31): warning C4047: “函数”:“FILE *”与“int”的间接级别不同
C:\Users\neu_h\Desktop\操作系统课设\os-another\rdwt.c(50,29): warning C4024: “fread”: 形参和实参 4 的类型不同
C:\Users\neu_h\Desktop\操作系统课设\os-another\rdwt.c(56,10): warning C4047: “函数”:“FILE *”与“int”的间接级别不同
C:\Users\neu_h\Desktop\操作系统课设\os-another\rdwt.c(56,8): warning C4024: “fseek”: 形参和实参 1 的类型不同
C:\Users\neu_h\Desktop\操作系统课设\os-another\rdwt.c(57,31): warning C4047: “函数”:“FILE *”与“int”的间接级别不同
C:\Users\neu_h\Desktop\操作系统课设\os-another\rdwt.c(57,29): warning C4024: “fread”: 形参和实参 4 的类型不同
C:\Users\neu_h\Desktop\操作系统课设\os-another\rdwt.c(86,12): warning C4047: “函数”:“FILE *”与“int”的间接级别不同
C:\Users\neu_h\Desktop\操作系统课设\os-another\rdwt.c(86,10): warning C4024: “fseek”: 形参和实参 1 的类型不同
C:\Users\neu_h\Desktop\操作系统课设\os-another\rdwt.c(87,26): warning C4047: “函数”:“FILE *”与“int”的间接级别不同
C:\Users\neu_h\Desktop\操作系统课设\os-another\rdwt.c(87,24): warning C4024: “fwrite”: 形参和实参 4 的类型不同
C:\Users\neu_h\Desktop\操作系统课设\os-another\rdwt.c(91,11): warning C4047: “函数”:“FILE *”与“int”的间接级别不同
C:\Users\neu_h\Desktop\操作系统课设\os-another\rdwt.c(91,9): warning C4024: “fseek”: 形参和实参 1 的类型不同
C:\Users\neu_h\Desktop\操作系统课设\os-another\rdwt.c(92,44): warning C4047: “函数”:“FILE *”与“int”的间接级别不同
C:\Users\neu_h\Desktop\操作系统课设\os-another\rdwt.c(92,42): warning C4024: “fwrite”: 形参和实参 4 的类型不同
C:\Users\neu_h\Desktop\操作系统课设\os-another\rdwt.c(94,13): warning C4018: “<”: 有符号/无符号不匹配
C:\Users\neu_h\Desktop\操作系统课设\os-another\rdwt.c(97,12): warning C4047: “函数”:“FILE *”与“int”的间接级别不同
C:\Users\neu_h\Desktop\操作系统课设\os-another\rdwt.c(97,9): warning C4024: “fseek”: 形参和实参 1 的类型不同
C:\Users\neu_h\Desktop\操作系统课设\os-another\rdwt.c(98,35): warning C4047: “函数”:“FILE *”与“int”的间接级别不同
C:\Users\neu_h\Desktop\操作系统课设\os-another\rdwt.c(98,33): warning C4024: “fwrite”: 形参和实参 4 的类型不同
C:\Users\neu_h\Desktop\操作系统课设\os-another\rdwt.c(103,12): warning C4047: “函数”:“FILE *”与“int”的间接级别不同
C:\Users\neu_h\Desktop\操作系统课设\os-another\rdwt.c(103,9): warning C4024: “fseek”: 形参和实参 1 的类型不同
C:\Users\neu_h\Desktop\操作系统课设\os-another\rdwt.c(104,34): warning C4047: “函数”:“FILE *”与“int”的间接级别不同
C:\Users\neu_h\Desktop\操作系统课设\os-another\rdwt.c(104,32): warning C4024: “fwrite”: 形参和实参 4 的类型不同
C:\Users\neu_h\Desktop\操作系统课设\os-another\rdwt.c(69,24): warning C4101: “j”: 未引用的局部变量
  正在生成代码...
C:\Users\neu_h\Desktop\操作系统课设\os-another\access.c(37): warning C4715: “access”: 不是所有的控件路径都返回值
  os-another.vcxproj -> C:\Users\neu_h\Desktop\操作系统课设\os-another\Debug\os-another.exe
